15.06.15 14:23:00 [INFOS] dinnojona345 failed Relog: relogs too fast. VL 1.
15.06.15 14:43:56 [INFOS] dinnojona345 failed SurvivalFly: tried to move unexpectedly. VL 32.
15.06.15 14:43:57 [INFOS] dinnojona345 failed SurvivalFly: tried to move unexpectedly. VL 101.
15.06.15 17:55:58 [INFOS] Foliox failed NoFall: tried to avoid fall damage. VL 1.
15.06.15 19:00:59 [INFOS] rosexl failed SurvivalFly: tried to move unexpectedly. VL 123.
15.06.15 19:01:25 [INFOS] rosexl failed SurvivalFly: tried to move unexpectedly. VL 41.
15.06.17 14:10:29 [INFOS] rosexl failed SurvivalFly: tried to move unexpectedly. VL 107.
15.06.17 14:10:37 [INFOS] rosexl failed SurvivalFly: tried to move unexpectedly. VL 82.
15.06.17 16:30:47 [INFOS] Foliox failed SurvivalFly: tried to move unexpectedly. VL 100.
15.06.17 18:51:18 [INFOS] Varnox failed SurvivalFly: tried to move unexpectedly. VL 21.
15.06.17 19:29:08 [INFOS] Varnox failed SurvivalFly: tried to move unexpectedly. VL 28.
15.06.17 19:29:09 [INFOS] Varnox failed SurvivalFly: tried to move unexpectedly. VL 102.
15.06.18 17:20:56 [INFOS] dinnojona345 failed SurvivalFly: tried to move unexpectedly. VL 67.
15.06.18 17:21:19 [INFOS] dinnojona345 failed SurvivalFly: tried to move unexpectedly. VL 16.
15.06.18 17:21:20 [INFOS] dinnojona345 failed SurvivalFly: tried to move unexpectedly. VL 102.
15.06.18 17:21:38 [INFOS] dinnojona345 failed SurvivalFly: tried to move unexpectedly. VL 45.
15.06.19 19:54:31 [INFOS] Foliox failed SurvivalFly: tried to move unexpectedly. VL 116.
15.06.19 20:02:57 [INFOS] Marinovitch failed SurvivalFly: tried to move unexpectedly. VL 34.
15.06.19 20:19:54 [INFOS] SkyriesMC failed SurvivalFly: tried to move unexpectedly. VL 19.
15.06.19 21:21:08 [INFOS] tutur27 failed MorePackets: sent too many moves (43 epsacc). VL 43.
15.06.19 21:21:11 [INFOS] tutur27 failed MorePackets: sent too many moves (10 epsacc). VL 10.
15.06.29 10:09:11 [INFOS] Sharpcraft305 failed FastBreak: tried to break blocks (15) faster than possible. VL 0.
15.06.29 10:09:22 [INFOS] Sharpcraft305 failed FastBreak: tried to break blocks (15) faster than possible. VL 1.
15.06.29 10:09:29 [INFOS] Sharpcraft305 failed FastBreak: tried to break blocks (1) faster than possible. VL 1.
15.06.29 10:09:40 [INFOS] Sharpcraft305 failed FastBreak: tried to break blocks (1) faster than possible. VL 1.
15.06.29 10:09:44 [INFOS] Sharpcraft305 failed Passable: moved into a block (1). VL 10.
15.06.29 10:09:45 [INFOS] Sharpcraft305 failed FastBreak: tried to break blocks (1) faster than possible. VL 1.
15.06.29 10:10:01 [INFOS] Sharpcraft305 failed FastBreak: tried to break blocks (1) faster than possible. VL 1.
15.06.29 10:10:07 [INFOS] Sharpcraft305 failed FastBreak: tried to break blocks (1) faster than possible. VL 2.
15.06.29 10:10:13 [INFOS] Sharpcraft305 failed FastBreak: tried to break blocks (1) faster than possible. VL 1.
15.06.29 10:10:20 [INFOS] Sharpcraft305 failed FastBreak: tried to break blocks (1) faster than possible. VL 1.
15.06.29 10:10:25 [INFOS] Sharpcraft305 failed FastBreak: tried to break blocks (1) faster than possible. VL 1.
15.06.29 10:10:31 [INFOS] Sharpcraft305 failed Passable: moved into a block (13). VL 11.
15.06.29 10:11:14 [INFOS] Sharpcraft305 failed FastBreak: tried to break blocks (1) faster than possible. VL 0.
15.06.29 10:11:19 [INFOS] Sharpcraft305 failed FastBreak: tried to break blocks (16) faster than possible. VL 1.
15.06.29 10:11:24 [INFOS] Sharpcraft305 failed FastBreak: tried to break blocks (1) faster than possible. VL 1.
15.06.29 10:11:32 [INFOS] Sharpcraft305 failed FastBreak: tried to break blocks (1) faster than possible. VL 0.
15.06.29 10:11:38 [INFOS] Sharpcraft305 failed FastBreak: tried to break blocks (1) faster than possible. VL 0.
15.06.29 10:11:38 [INFOS] Sharpcraft305 failed Passable: moved into a block (1). VL 15.
15.06.29 10:11:43 [INFOS] Sharpcraft305 failed FastBreak: tried to break blocks (1) faster than possible. VL 1.
15.06.29 10:11:43 [INFOS] Sharpcraft305 failed Passable: moved into a block (1). VL 18.
15.06.29 10:11:55 [INFOS] Sharpcraft305 failed FastBreak: tried to break blocks (1) faster than possible. VL 0.
15.06.29 10:11:55 [INFOS] Sharpcraft305 failed Passable: moved into a block (1). VL 21.
15.06.29 10:12:00 [INFOS] Sharpcraft305 failed FastBreak: tried to break blocks (15) faster than possible. VL 0.
15.06.29 10:12:06 [INFOS] Sharpcraft305 failed FastBreak: tried to break blocks (15) faster than possible. VL 1.
15.06.29 10:12:13 [INFOS] Sharpcraft305 failed FastBreak: tried to break blocks (15) faster than possible. VL 1.
15.06.29 10:12:19 [INFOS] Sharpcraft305 failed FastBreak: tried to break blocks (15) faster than possible. VL 1.
15.06.29 10:12:24 [INFOS] Sharpcraft305 failed FastBreak: tried to break blocks (15) faster than possible. VL 2.
15.06.29 10:12:55 [INFOS] Sharpcraft305 failed FastBreak: tried to break blocks (1) faster than possible. VL 2.
15.06.29 10:13:02 [INFOS] Sharpcraft305 failed FastBreak: tried to break blocks (1) faster than possible. VL 1.
15.06.29 10:13:20 [INFOS] Sharpcraft305 failed FastBreak: tried to break blocks (1) faster than possible. VL 1.
15.06.29 10:13:31 [INFOS] Sharpcraft305 failed FastBreak: tried to break blocks (1) faster than possible. VL 0.
15.06.29 10:13:36 [INFOS] Sharpcraft305 failed FastBreak: tried to break blocks (15) faster than possible. VL 1.
15.06.29 10:13:41 [INFOS] Sharpcraft305 failed FastBreak: tried to break blocks (15) faster than possible. VL 2.
15.06.29 10:13:47 [INFOS] Sharpcraft305 failed FastBreak: tried to break blocks (15) faster than possible. VL 2.
15.06.29 10:13:52 [INFOS] Sharpcraft305 failed FastBreak: tried to break blocks (15) faster than possible. VL 2.
15.06.29 10:13:58 [INFOS] Sharpcraft305 failed FastBreak: tried to break blocks (15) faster than possible. VL 3.
15.06.29 10:14:10 [INFOS] Sharpcraft305 failed FastBreak: tried to break blocks (15) faster than possible. VL 2.
15.06.29 10:14:22 [INFOS] Sharpcraft305 failed FastBreak: tried to break blocks (15) faster than possible. VL 3.
15.06.29 10:14:29 [INFOS] Sharpcraft305 failed FastBreak: tried to break blocks (15) faster than possible. VL 3.
15.06.29 10:14:29 [INFOS] Sharpcraft305 failed Passable: moved into a block (15). VL 22.
15.06.29 10:14:39 [INFOS] Sharpcraft305 failed FastBreak: tried to break blocks (15) faster than possible. VL 3.
15.06.29 10:14:49 [INFOS] Sharpcraft305 failed FastBreak: tried to break blocks (1) faster than possible. VL 4.
15.06.29 10:14:56 [INFOS] Sharpcraft305 failed FastBreak: tried to break blocks (15) faster than possible. VL 3.
15.06.29 10:16:33 [INFOS] Sharpcraft305 failed Passable: moved into a block (0). VL 22.
15.06.29 10:36:58 [INFOS] Sharpcraft305 failed FastBreak: tried to break blocks (15) faster than possible. VL 0.
15.06.29 10:37:03 [INFOS] Sharpcraft305 failed FastBreak: tried to break blocks (15) faster than possible. VL 1.
15.06.29 10:37:08 [INFOS] Sharpcraft305 failed FastBreak: tried to break blocks (15) faster than possible. VL 1.
15.06.29 10:37:13 [INFOS] Sharpcraft305 failed FastBreak: tried to break blocks (15) faster than possible. VL 2.
15.06.29 10:37:23 [INFOS] Sharpcraft305 failed FastBreak: tried to break blocks (15) faster than possible. VL 2.
15.06.29 10:37:36 [INFOS] Sharpcraft305 failed FastBreak: tried to break blocks (1) faster than possible. VL 2.
15.06.29 10:37:49 [INFOS] Sharpcraft305 failed FastBreak: tried to break blocks (1) faster than possible. VL 1.
15.06.29 10:37:56 [INFOS] Sharpcraft305 failed FastBreak: tried to break blocks (15) faster than possible. VL 1.
15.06.29 10:38:01 [INFOS] Sharpcraft305 failed FastBreak: tried to break blocks (15) faster than possible. VL 1.
15.06.29 10:38:07 [INFOS] Sharpcraft305 failed FastBreak: tried to break blocks (15) faster than possible. VL 1.
15.06.29 10:38:16 [INFOS] Sharpcraft305 failed FastBreak: tried to break blocks (15) faster than possible. VL 1.
15.06.29 10:38:23 [INFOS] Sharpcraft305 failed FastBreak: tried to break blocks (15) faster than possible. VL 1.
15.06.29 10:38:28 [INFOS] Sharpcraft305 failed FastBreak: tried to break blocks (15) faster than possible. VL 2.
15.06.29 10:38:35 [INFOS] Sharpcraft305 failed FastBreak: tried to break blocks (1) faster than possible. VL 1.
15.06.29 10:38:40 [INFOS] Sharpcraft305 failed FastBreak: tried to break blocks (15) faster than possible. VL 1.
15.06.29 10:38:47 [INFOS] Sharpcraft305 failed FastBreak: tried to break blocks (15) faster than possible. VL 1.
15.06.29 10:38:52 [INFOS] Sharpcraft305 failed FastBreak: tried to break blocks (15) faster than possible. VL 1.
15.06.29 10:39:00 [INFOS] Sharpcraft305 failed FastBreak: tried to break blocks (15) faster than possible. VL 1.
15.06.29 10:39:06 [INFOS] Sharpcraft305 failed FastBreak: tried to break blocks (15) faster than possible. VL 1.
15.06.29 10:39:12 [INFOS] Sharpcraft305 failed FastBreak: tried to break blocks (15) faster than possible. VL 1.
15.06.29 10:39:30 [INFOS] Sharpcraft305 failed FastBreak: tried to break blocks (1) faster than possible. VL 2.
15.06.29 19:11:33 [INFOS] IAzRoFiRe_ failed SurvivalFly: tried to move unexpectedly. VL 44.
15.06.30 13:52:15 [INFOS] Aqualex56 failed SurvivalFly: tried to move unexpectedly. VL 22.
15.06.30 14:47:44 [INFOS] Noxeey_ failed Direction: tried to interact with a block out of their line of sight. VL 12.
15.06.30 17:02:01 [INFOS] tutur27 failed Text: acted like spamming (IP: 78.209.44.30). VL 1.
15.06.30 17:40:00 [INFOS] Noxeey_ failed NoFall: tried to avoid fall damage. VL 1.
15.06.30 19:28:08 [INFOS] ZectaFreez failed Knockback: tried to do a knockback but wasn't technically sprinting. VL 50.
15.07.01 10:23:03 [INFOS] Aqualex56 failed SurvivalFly: tried to move unexpectedly. VL 100.
15.07.01 12:36:43 [INFOS] SkyriesMC failed SurvivalFly: tried to move unexpectedly. VL 110.
15.07.01 21:32:49 [INFOS] Garinoc failed Text: acted like spamming (IP: 81.243.150.97). VL 0.
15.07.02 03:15:38 [INFOS] oooMAXooo failed Direction: tried to interact with a block out of their line of sight. VL 10.
