15.06.30 20:27:41 [INFOS] CaMe_NITroZzz failed Commands: issued too many commands. VL 1.
15.06.30 20:27:58 [INFOS] Cloroporum failed Commands: issued too many commands. VL 1.
15.06.30 21:17:02 [INFOS] Creepounet failed Commands: issued too many commands. VL 1.
15.07.01 00:14:48 [INFOS] loup75 failed Commands: issued too many commands. VL 1.
15.07.01 00:16:24 [INFOS] loup75 failed Commands: issued too many commands. VL 2.
15.07.01 00:22:20 [INFOS] loup75 failed Commands: issued too many commands. VL 3.
15.07.01 00:44:09 [INFOS] loup75 failed Commands: issued too many commands. VL 4.
15.07.01 00:47:42 [INFOS] loup75 failed Commands: issued too many commands. VL 5.
15.07.01 00:48:58 [INFOS] loup75 failed Commands: issued too many commands. VL 6.
15.07.01 00:49:08 [INFOS] SkyriesMC failed Commands: issued too many commands. VL 1.
15.07.01 00:54:16 [INFOS] loup75 failed Commands: issued too many commands. VL 6.
15.07.01 00:55:17 [INFOS] SkyriesMC failed SurvivalFly: tried to move unexpectedly. VL 13.
15.07.01 00:56:21 [INFOS] loup75 failed Commands: issued too many commands. VL 7.
15.07.01 01:00:30 [INFOS] loup75 failed Knockback: tried to do a knockback but wasn't technically sprinting. VL 95.
15.07.01 01:01:37 [INFOS] loup75 failed Knockback: tried to do a knockback but wasn't technically sprinting. VL 181.
15.07.01 01:06:19 [INFOS] loup75 failed Knockback: tried to do a knockback but wasn't technically sprinting. VL 182.
15.07.01 01:07:01 [INFOS] loup75 failed Knockback: tried to do a knockback but wasn't technically sprinting. VL 230.
15.07.01 01:08:00 [INFOS] loup75 failed Direction: tried to interact with a block out of their line of sight. VL 11.
15.07.01 01:08:27 [INFOS] loup75 failed Commands: issued too many commands. VL 7.
15.07.01 01:11:09 [INFOS] loup75 failed Commands: issued too many commands. VL 7.
15.07.01 01:13:41 [INFOS] loup75 failed Knockback: tried to do a knockback but wasn't technically sprinting. VL 279.
15.07.01 01:15:45 [INFOS] loup75 failed Direction: tried to interact with a block out of their line of sight. VL 10.
15.07.01 13:56:41 [INFOS] nono failed Commands: issued too many commands. VL 1.
15.07.01 14:14:09 [INFOS] CaMe_NITroZzz failed Commands: issued too many commands. VL 1.
15.07.01 15:27:13 [INFOS] carlos failed Commands: issued too many commands. VL 1.
15.07.01 15:28:41 [INFOS] Cloroporum failed Improbable: meets the improbable more than expected. VL 12.
15.07.01 15:30:28 [INFOS] Cloroporum failed Direction: tried to interact with a block out of their line of sight. VL 10.
15.07.01 15:30:45 [INFOS] carlos failed Commands: issued too many commands. VL 2.
15.07.01 15:31:04 [INFOS] AresCZE failed Direction: tried to interact with a block out of their line of sight. VL 10.
15.07.01 15:31:21 [INFOS] AresCZE failed Direction: tried to interact with a block out of their line of sight. VL 11.
15.07.01 15:32:50 [INFOS] AresCZE failed Commands: issued too many commands. VL 1.
15.07.01 15:36:20 [INFOS] Cloroporum failed Direction: tried to interact with a block out of their line of sight. VL 12.
15.07.01 15:36:31 [INFOS] Cloroporum failed Direction: tried to interact with a block out of their line of sight. VL 14.
15.07.01 15:36:36 [INFOS] Cloroporum failed Direction: tried to interact with a block out of their line of sight. VL 14.
15.07.01 15:36:39 [INFOS] Cloroporum failed Improbable: meets the improbable more than expected. VL 12.
15.07.01 15:36:39 [INFOS] Cloroporum failed Reach: tried to attack entity out of reach. VL 12.
15.07.01 15:37:37 [INFOS] Hyperdarkness failed Direction: tried to interact with a block out of their line of sight. VL 11.
15.07.01 15:38:57 [INFOS] carlos failed Speed: tried to attack with too high a frequency. VL 2.
15.07.01 15:39:03 [INFOS] carlos failed Speed: tried to attack with too high a frequency. VL 2.
15.07.01 15:39:16 [INFOS] carlos failed Direction: tried to interact with a block out of their line of sight. VL 14.
15.07.01 15:39:18 [INFOS] carlos failed Speed: tried to attack with too high a frequency. VL 2.
15.07.01 15:39:23 [INFOS] carlos failed Speed: tried to attack with too high a frequency. VL 3.
15.07.01 15:40:44 [INFOS] carlos failed Direction: tried to interact with a block out of their line of sight. VL 12.
15.07.01 16:13:25 [INFOS] Cloroporum failed Direction: tried to interact with a block out of their line of sight. VL 11.
15.07.01 16:13:28 [INFOS] Cloroporum failed Direction: tried to interact with a block out of their line of sight. VL 18.
15.07.01 16:13:31 [INFOS] Cloroporum failed Direction: tried to interact with a block out of their line of sight. VL 16.
15.07.01 16:17:15 [INFOS] Cloroporum failed Direction: tried to interact with a block out of their line of sight. VL 11.
15.07.01 16:17:49 [INFOS] Cloroporum failed Direction: tried to interact with a block out of their line of sight. VL 12.
15.07.01 16:18:04 [INFOS] Cloroporum failed Direction: tried to interact with a block out of their line of sight. VL 11.
15.07.01 16:18:51 [INFOS] Cloroporum failed Direction: tried to interact with a block out of their line of sight. VL 17.
15.07.01 16:19:07 [INFOS] Cloroporum failed Direction: tried to interact with a block out of their line of sight. VL 22.
15.07.01 16:19:10 [INFOS] Cloroporum failed Direction: tried to interact with a block out of their line of sight. VL 30.
15.07.01 16:19:45 [INFOS] AresCZE failed Direction: tried to interact with a block out of their line of sight. VL 11.
15.07.01 16:20:05 [INFOS] Cloroporum failed Direction: tried to interact with a block out of their line of sight. VL 11.
15.07.01 16:20:09 [INFOS] Cloroporum failed Direction: tried to interact with a block out of their line of sight. VL 15.
15.07.01 16:20:11 [INFOS] AresCZE failed Direction: tried to interact with a block out of their line of sight. VL 15.
15.07.01 16:20:15 [INFOS] AresCZE failed Direction: tried to interact with a block out of their line of sight. VL 18.
15.07.01 16:20:58 [INFOS] Cloroporum failed Direction: tried to interact with a block out of their line of sight. VL 11.
15.07.01 16:21:01 [INFOS] Cloroporum failed Direction: tried to interact with a block out of their line of sight. VL 11.
15.07.01 16:21:12 [INFOS] AresCZE failed Direction: tried to interact with a block out of their line of sight. VL 18.
15.07.01 16:21:18 [INFOS] Cloroporum failed Direction: tried to interact with a block out of their line of sight. VL 18.
15.07.01 16:21:36 [INFOS] AresCZE failed Commands: issued too many commands. VL 2.
15.07.01 16:22:20 [INFOS] Cloroporum failed Direction: tried to interact with a block out of their line of sight. VL 11.
15.07.01 16:24:06 [INFOS] AtomTR failed Speed: tried to attack with too high a frequency. VL 2.
15.07.01 16:25:08 [INFOS] AtomTR failed Direction: tried to interact with a block out of their line of sight. VL 12.
15.07.01 16:25:21 [INFOS] AtomTR failed Direction: tried to interact with a block out of their line of sight. VL 16.
15.07.01 16:25:55 [INFOS] AtomTR failed Direction: tried to interact with a block out of their line of sight. VL 14.
15.07.01 16:26:17 [INFOS] AtomTR failed SurvivalFly: tried to move unexpectedly. VL 17.
15.07.01 16:26:18 [INFOS] AtomTR failed Speed: tried to attack with too high a frequency. VL 2.
15.07.01 16:26:23 [INFOS] AtomTR failed Speed: tried to attack with too high a frequency. VL 4.
15.07.01 16:26:28 [INFOS] AtomTR failed Speed: tried to attack with too high a frequency. VL 18.
15.07.01 16:26:58 [INFOS] Black_Soul failed Direction: tried to interact with a block out of their line of sight. VL 11.
15.07.01 16:27:12 [INFOS] AtomTR failed Direction: tried to interact with a block out of their line of sight. VL 12.
15.07.01 16:27:16 [INFOS] AtomTR failed Direction: tried to interact with a block out of their line of sight. VL 16.
15.07.01 16:27:17 [INFOS] Black_Soul failed Direction: tried to interact with a block out of their line of sight. VL 11.
15.07.01 16:27:36 [INFOS] AtomTR failed Direction: tried to interact with a block out of their line of sight. VL 13.
15.07.01 16:27:39 [INFOS] AtomTR failed Direction: tried to interact with a block out of their line of sight. VL 26.
15.07.01 16:27:59 [INFOS] AtomTR failed Direction: tried to interact with a block out of their line of sight. VL 13.
15.07.01 16:28:01 [INFOS] Black_Soul failed Speed: tried to attack with too high a frequency. VL 2.
15.07.01 16:29:33 [INFOS] AtomTR failed Direction: tried to interact with a block out of their line of sight. VL 11.
15.07.01 16:29:53 [INFOS] AtomTR failed Speed: tried to attack with too high a frequency. VL 2.
15.07.01 16:29:54 [INFOS] AtomTR failed Improbable: meets the improbable more than expected. VL 12.
15.07.01 16:30:00 [INFOS] AtomTR failed Direction: tried to interact with a block out of their line of sight. VL 13.
15.07.01 16:30:20 [INFOS] AtomTR failed Speed: tried to attack with too high a frequency. VL 2.
15.07.01 16:30:31 [INFOS] AtomTR failed Critical: tried to do a critical hit but wasn't technically jumping sf_lowjump. VL 51.
15.07.01 16:30:44 [INFOS] AtomTR failed Critical: tried to do a critical hit but wasn't technically jumping sf_lowjump. VL 52.
15.07.01 16:30:47 [INFOS] AtomTR failed Direction: tried to interact with a block out of their line of sight. VL 12.
15.07.01 18:22:51 [INFOS] Black_Soul failed Visible: interacts with a block out of sight. VL 101.
15.07.01 18:26:02 [INFOS] Black_Soul failed Direction: tried to interact with a block out of their line of sight. VL 11.
15.07.01 18:26:04 [INFOS] Black_Soul failed Speed: interacts too fast. VL 200.
15.07.01 18:26:10 [INFOS] Black_Soul failed Reach: exceeds block-interact distance (25). VL 25.
15.07.01 18:26:21 [INFOS] Black_Soul failed Commands: issued too many commands. VL 1.
15.07.01 18:27:50 [INFOS] Black_Soul failed Visible: interacts with a block out of sight. VL 101.
15.07.01 18:28:00 [INFOS] Black_Soul failed Visible: interacts with a block out of sight. VL 144.
15.07.01 18:28:13 [INFOS] Black_Soul failed Commands: issued too many commands. VL 2.
15.07.01 18:31:36 [INFOS] Black_Soul failed Speed: tried to attack with too high a frequency. VL 2.
15.07.01 20:25:34 [INFOS] xitos35 failed Commands: issued too many commands. VL 1.
15.07.01 22:40:04 [INFOS] SkyriesMC failed Passable: moved into a block (98). VL 10.
15.07.02 12:26:56 [INFOS] Steven2007 failed Commands: issued too many commands. VL 1.
15.07.02 12:32:29 [INFOS] loup75 failed Knockback: tried to do a knockback but wasn't technically sprinting. VL 310.
15.07.02 13:50:30 [INFOS] zFezfez failed Commands: issued too many commands. VL 1.
15.07.02 14:18:44 [INFOS] kerem4 failed Commands: issued too many commands. VL 1.
15.07.02 14:18:48 [INFOS] nini71 failed Commands: issued too many commands. VL 1.
15.07.02 14:28:38 [INFOS] kerem4 failed Commands: issued too many commands. VL 2.
15.07.02 14:31:20 [INFOS] kerem4 failed Direction: tried to interact with a block out of their line of sight. VL 10.
15.07.02 14:34:59 [INFOS] slaykilleur00 failed Knockback: tried to do a knockback but wasn't technically sprinting. VL 98.
15.07.02 14:36:46 [INFOS] slaykilleur00 failed Speed: tried to attack with too high a frequency. VL 2.
15.07.02 14:36:47 [INFOS] slaykilleur00 failed Knockback: tried to do a knockback but wasn't technically sprinting. VL 147.
15.07.02 14:37:11 [INFOS] slaykilleur00 failed Knockback: tried to do a knockback but wasn't technically sprinting. VL 196.
15.07.02 14:41:02 [INFOS] kerem4 failed Text: acted like spamming (IP: 127.0.0.1). VL 1.
15.07.02 14:47:14 [INFOS] Black_Soul failed Visible: interacts with a block out of sight. VL 100.
15.07.02 14:47:24 [INFOS] Black_Soul failed Visible: interacts with a block out of sight. VL 165.
15.07.02 14:49:27 [INFOS] AresCZE failed Direction: tried to interact with a block out of their line of sight. VL 12.
15.07.02 14:50:15 [INFOS] AresCZE failed Direction: tried to interact with a block out of their line of sight. VL 17.
15.07.02 14:50:46 [INFOS] AresCZE failed Direction: tried to interact with a block out of their line of sight. VL 14.
15.07.02 15:20:10 [INFOS] Rastablock failed Passable: moved into a block (2). VL 10.
15.07.02 15:20:14 [INFOS] Rastablock failed Passable: moved into a block (2). VL 50.
15.07.02 15:20:19 [INFOS] Rastablock failed Passable: moved into a block (2). VL 86.
15.07.02 15:20:24 [INFOS] Rastablock failed Passable: moved into a block (2). VL 131.
15.07.02 15:20:29 [INFOS] Rastablock failed Passable: moved into a block (2). VL 172.
15.07.02 15:50:59 [INFOS] Rastablock failed Passable: moved into a block (2). VL 191.
15.07.02 15:51:04 [INFOS] Rastablock failed Passable: moved into a block (2). VL 231.
15.07.02 15:53:09 [INFOS] Rastablock failed Passable: moved into a block (2). VL 232.
15.07.02 15:53:14 [INFOS] Rastablock failed Passable: moved into a block (2). VL 262.
15.07.02 15:53:19 [INFOS] Rastablock failed Passable: moved into a block (2). VL 296.
15.07.02 15:53:24 [INFOS] Rastablock failed Passable: moved into a block (2). VL 330.
15.07.02 15:53:29 [INFOS] Rastablock failed Passable: moved into a block (2). VL 368.
15.07.02 15:53:34 [INFOS] Rastablock failed Passable: moved into a block (2). VL 410.
15.07.02 15:53:39 [INFOS] Rastablock failed Passable: moved into a block (2). VL 452.
15.07.02 15:53:44 [INFOS] Rastablock failed Passable: moved into a block (2). VL 487.
15.07.02 15:55:24 [INFOS] Rastablock failed Passable: moved into a block (124). VL 220.
15.07.02 15:59:03 [INFOS] Rastablock failed Commands: issued too many commands. VL 1.
15.07.02 16:08:25 [INFOS] nini71 failed Passable: moved into a block (2). VL 10.
15.07.02 16:25:19 [INFOS] ThePlayerFire failed Commands: issued too many commands. VL 1.
15.07.02 16:27:25 [INFOS] romain7878 failed Direction: tried to interact with a block out of their line of sight. VL 11.
15.07.02 16:28:32 [INFOS] romain7878 failed Commands: issued too many commands. VL 1.
15.07.02 16:31:01 [INFOS] ThePlayerFire failed Commands: issued too many commands. VL 2.
15.07.02 16:33:12 [INFOS] SkyriesMC failed MorePackets: sent too many moves (10 epsacc). VL 10.
15.07.02 16:37:45 [INFOS] SkyriesMC failed Commands: issued too many commands. VL 1.
15.07.02 16:46:23 [INFOS] Black_Soul failed Visible: interacts with a block out of sight. VL 160.
15.07.02 18:00:28 [INFOS] romain7878 failed Commands: issued too many commands. VL 2.
15.07.02 18:27:09 [INFOS] ThePlayerFire failed Commands: issued too many commands. VL 3.
15.07.02 18:31:44 [INFOS] theplayer864 failed Commands: issued too many commands. VL 1.
15.07.02 18:35:18 [INFOS] ThePlayerFire failed Commands: issued too many commands. VL 3.
15.07.02 20:36:49 [INFOS] DJole failed Commands: issued too many commands. VL 1.
15.07.02 20:40:53 [INFOS] FunZy failed Speed: tried to throw projectiles too quickly. VL 243.
15.07.02 20:40:58 [INFOS] FunZy failed Speed: tried to throw projectiles too quickly. VL 348.
15.07.02 20:41:02 [INFOS] FunZy failed Improbable: meets the improbable more than expected. VL 8.
15.07.02 20:41:03 [INFOS] FunZy failed Speed: tried to throw projectiles too quickly. VL 169.
15.07.02 20:49:46 [INFOS] gabrielfx failed Direction: tried to interact with a block out of their line of sight. VL 12.
15.07.02 23:23:47 [INFOS] ImFl00w_PvP failed Commands: issued too many commands. VL 1.
15.07.04 11:19:36 [INFOS] axou18 failed Commands: issued too many commands. VL 1.
15.07.04 12:03:57 [INFOS] Teymteym failed Commands: issued too many commands. VL 1.
15.07.04 12:23:31 [INFOS] Teymteym failed Knockback: tried to do a knockback but wasn't technically sprinting. VL 96.
15.07.04 12:23:31 [INFOS] Teymteym failed Speed: tried to attack with too high a frequency. VL 2.
15.07.04 12:28:21 [INFOS] Teymteym failed Knockback: tried to do a knockback but wasn't technically sprinting. VL 145.
15.07.04 12:31:56 [INFOS] Teymteym failed Reach: exceeds block-interact distance (1). VL 5.
15.07.04 12:31:56 [INFOS] Teymteym failed Commands: issued too many commands. VL 2.
15.07.04 14:48:45 [INFOS] killianpgm2 failed Commands: issued too many commands. VL 1.
15.07.04 14:51:26 [INFOS] killianpgm2 failed Commands: issued too many commands. VL 2.
15.07.04 14:58:12 [INFOS] AiL failed Commands: issued too many commands. VL 1.
15.07.04 14:58:40 [INFOS] skeeouze failed Commands: issued too many commands. VL 1.
15.07.04 15:02:20 [INFOS] AiL failed Commands: issued too many commands. VL 2.
15.07.04 15:03:54 [INFOS] killianpgm2 failed Commands: issued too many commands. VL 3.
15.07.04 15:06:12 [INFOS] AiL failed Commands: issued too many commands. VL 3.
15.07.04 15:07:39 [INFOS] AiL failed Commands: issued too many commands. VL 4.
15.07.04 15:13:57 [INFOS] AiL failed Commands: issued too many commands. VL 5.
15.07.04 15:15:26 [INFOS] AiL failed Commands: issued too many commands. VL 5.
15.07.04 15:20:10 [INFOS] AiL failed Commands: issued too many commands. VL 6.
15.07.04 15:24:31 [INFOS] AiL failed Commands: issued too many commands. VL 6.
15.07.04 15:26:51 [INFOS] killianpgm2 failed Commands: issued too many commands. VL 3.
15.07.04 15:27:01 [INFOS] AiL failed Commands: issued too many commands. VL 7.
15.07.04 15:28:36 [INFOS] AiL failed Commands: issued too many commands. VL 8.
15.07.04 15:29:38 [INFOS] killianpgm2 failed Commands: issued too many commands. VL 4.
15.07.04 15:31:55 [INFOS] jfyf failed Commands: issued too many commands. VL 1.
15.07.04 15:32:18 [INFOS] killianpgm2 failed Commands: issued too many commands. VL 5.
15.07.04 15:33:57 [INFOS] AiL failed Commands: issued too many commands. VL 6.
15.07.04 15:34:52 [INFOS] jfyf failed SurvivalFly: tried to move unexpectedly. VL 11.
15.07.04 15:35:02 [INFOS] jfyf failed SurvivalFly: tried to move unexpectedly. VL 70.
15.07.04 15:35:09 [INFOS] jfyf failed Commands: issued too many commands. VL 2.
15.07.04 15:38:36 [INFOS] AiL failed Commands: issued too many commands. VL 6.
15.07.04 15:39:57 [INFOS] AiL failed Commands: issued too many commands. VL 6.
15.07.04 16:38:16 [INFOS] gaking11 failed Direction: tried to interact with a block out of their line of sight. VL 11.
15.07.04 16:38:56 [INFOS] gaking11 failed Commands: issued too many commands. VL 1.
15.07.04 16:56:48 [INFOS] AiL failed Commands: issued too many commands. VL 1.
15.07.04 17:10:05 [INFOS] skeeouze failed Relog: relogs too fast. VL 1.
15.07.05 19:40:27 [INFOS] HyZe_AzixArts failed Commands: issued too many commands. VL 1.
15.07.06 14:06:55 [INFOS] tutur27 failed Commands: issued too many commands. VL 1.
15.07.06 15:21:03 [INFOS] MajorGamer failed Commands: issued too many commands. VL 1.
15.07.06 18:11:43 [INFOS] Bryan4515 failed Commands: issued too many commands. VL 1.
15.07.06 18:17:08 [INFOS] Bryan4515 failed Knockback: tried to do a knockback but wasn't technically sprinting. VL 50.
15.07.06 19:02:42 [INFOS] crazymonkey1 failed Commands: issued too many commands. VL 1.
15.07.06 19:02:50 [INFOS] rems failed Commands: issued too many commands. VL 1.
15.07.07 11:32:52 [INFOS] ZirexSurYoutube failed Commands: issued too many commands. VL 1.
15.07.07 11:34:55 [INFOS] Victimus failed Commands: issued too many commands. VL 1.
15.07.07 11:37:51 [INFOS] lounes9520 failed Knockback: tried to do a knockback but wasn't technically sprinting. VL 98.
15.07.07 11:40:13 [INFOS] lounes9520 failed Knockback: tried to do a knockback but wasn't technically sprinting. VL 99.
15.07.07 11:45:37 [INFOS] Victimus failed Commands: issued too many commands. VL 2.
15.07.07 11:46:53 [INFOS] lounes9520 failed Knockback: tried to do a knockback but wasn't technically sprinting. VL 197.
15.07.07 11:48:12 [INFOS] lounes9520 failed Knockback: tried to do a knockback but wasn't technically sprinting. VL 246.
15.07.07 14:06:34 [INFOS] ByZifox failed Commands: issued too many commands. VL 1.
15.07.07 15:41:43 [INFOS] Flyre_ failed Commands: issued too many commands. VL 1.
15.07.07 15:42:11 [INFOS] Dynoxx_Bg failed Commands: issued too many commands. VL 1.
15.07.07 15:48:39 [INFOS] MrWeed32 failed Commands: issued too many commands. VL 1.
15.07.07 16:19:36 [INFOS] DRaGix failed Commands: issued too many commands. VL 1.
15.07.07 16:20:06 [INFOS] ares2003 failed Commands: issued too many commands. VL 1.
15.07.07 16:26:05 [INFOS] ares2003 failed Commands: issued too many commands. VL 2.
15.07.07 18:30:53 [INFOS] maxmerennais failed Commands: issued too many commands. VL 1.
15.07.07 18:31:59 [INFOS] toto35youtube failed Commands: issued too many commands. VL 1.
15.07.07 19:33:47 [INFOS] Noxeey_ failed Commands: issued too many commands. VL 1.
15.07.07 19:33:49 [INFOS] ByZifox failed Commands: issued too many commands. VL 2.
15.07.07 19:33:50 [INFOS] Gamerkills27 failed Commands: issued too many commands. VL 1.
15.07.07 19:35:15 [INFOS] dinnojona345 failed Knockback: tried to do a knockback but wasn't technically sprinting. VL 99.
15.07.07 21:52:49 [INFOS] ByZifox failed Commands: issued too many commands. VL 3.
15.07.07 21:59:47 [INFOS] ByZifox failed MorePackets: sent too many moves (10 epsacc). VL 10.
15.07.07 22:59:02 [INFOS] diphael failed Knockback: tried to do a knockback but wasn't technically sprinting. VL 51.
15.07.08 11:33:19 [INFOS] Victimus failed Commands: issued too many commands. VL 2.
15.07.08 12:48:17 [INFOS] Aszonic974 failed Commands: issued too many commands. VL 1.
15.07.08 12:48:20 [INFOS] Blixrow failed Commands: issued too many commands. VL 1.
15.07.08 12:48:34 [INFOS] ByZifox failed MorePackets: sent too many moves (10 epsacc). VL 10.
15.07.08 12:50:40 [INFOS] ByZifox failed Commands: issued too many commands. VL 3.
15.07.08 12:50:47 [INFOS] MrNaizosGaming failed Commands: issued too many commands. VL 1.
15.07.08 12:53:29 [INFOS] MrNaizosGaming failed Commands: issued too many commands. VL 2.
15.07.08 13:18:25 [INFOS] ByZifox failed MorePackets: sent too many moves (10 epsacc). VL 10.
15.07.08 13:18:26 [INFOS] firegameur31 failed MorePackets: sent too many moves (10 epsacc). VL 10.
15.07.08 13:18:27 [INFOS] ByZifox failed MorePackets: sent too many moves (22 epsacc). VL 22.
15.07.08 13:18:28 [INFOS] firegameur31 failed MorePackets: sent too many moves (17 epsacc). VL 17.
15.07.08 13:19:35 [INFOS] ByZifox failed MorePackets: sent too many moves (10 epsacc). VL 10.
15.07.08 13:19:35 [INFOS] firegameur31 failed MorePackets: sent too many moves (10 epsacc). VL 10.
15.07.08 13:19:37 [INFOS] ByZifox failed MorePackets: sent too many moves (20 epsacc). VL 20.
15.07.08 13:25:50 [INFOS] ByZifox failed MorePackets: sent too many moves (10 epsacc). VL 10.
15.07.08 13:25:51 [INFOS] firegameur31 failed MorePackets: sent too many moves (10 epsacc). VL 10.
15.07.08 13:25:52 [INFOS] ByZifox failed MorePackets: sent too many moves (18 epsacc). VL 18.
15.07.08 13:58:32 [INFOS] OGdrawFr failed MorePackets: sent too many moves (10 epsacc). VL 10.
15.07.08 13:58:34 [INFOS] OGdrawFr failed MorePackets: sent too many moves (20 epsacc). VL 20.
15.07.08 14:00:07 [INFOS] iKayZoX failed SurvivalFly: tried to move unexpectedly. VL 28.
15.07.08 14:34:29 [INFOS] dinnojona345 failed SurvivalFly: tried to move from 1277.59, 4.92, -133.07 to 1284.03, 4.00, -133.46 over a distance of 6.52 block(s). VL 516.
15.07.08 14:36:02 [INFOS] dinnojona345 failed SurvivalFly: tried to move from 1279.05, 5.17, -136.66 to (HOVER) over a distance of 0.0(HOVER) block(s). VL 500.
15.07.08 14:36:48 [INFOS] dinnojona345 failed Knockback: tried to do a knockback but wasn't technically sprinting. VL 149.
15.07.08 14:37:16 [INFOS] ByZifox failed SurvivalFly: tried to move unexpectedly. VL 12.
15.07.08 14:37:37 [INFOS] ByZifox failed SurvivalFly: tried to move unexpectedly. VL 39.
15.07.09 02:23:01 [INFOS] Jugenaut failed Commands: issued too many commands. VL 1.
15.07.09 02:27:40 [INFOS] Jugenaut failed SurvivalFly: tried to move unexpectedly. VL 155.
15.07.09 12:38:44 [INFOS] M777_Sur_Youtube failed Knockback: tried to do a knockback but wasn't technically sprinting. VL 95.
15.07.09 12:39:49 [INFOS] M777_Sur_Youtube failed Knockback: tried to do a knockback but wasn't technically sprinting. VL 143.
15.07.09 12:40:23 [INFOS] M777_Sur_Youtube failed Speed: tried to attack with too high a frequency. VL 2.
15.07.09 12:40:23 [INFOS] M777_Sur_Youtube failed Improbable: meets the improbable more than expected. VL 13.
15.07.09 12:40:23 [INFOS] M777_Sur_Youtube failed Angle: tried to hit multiple entities at the same time. VL 275.
15.07.09 12:40:28 [INFOS] M777_Sur_Youtube failed Speed: tried to attack with too high a frequency. VL 195008.
15.07.09 12:40:28 [INFOS] M777_Sur_Youtube failed Angle: tried to hit multiple entities at the same time. VL 59375.
15.07.09 12:40:58 [INFOS] M777_Sur_Youtube failed Improbable: meets the improbable more than expected. VL 249154.
15.07.09 12:41:06 [INFOS] M777_Sur_Youtube failed Improbable: meets the improbable more than expected. VL 249810.
15.07.09 12:41:17 [INFOS] M777_Sur_Youtube failed Improbable: meets the improbable more than expected. VL 250029.
15.07.09 12:41:25 [INFOS] M777_Sur_Youtube failed Improbable: meets the improbable more than expected. VL 250412.
15.07.09 12:41:25 [INFOS] M777_Sur_Youtube failed Knockback: tried to do a knockback but wasn't technically sprinting. VL 144.
15.07.09 12:41:55 [INFOS] M777_Sur_Youtube failed Knockback: tried to do a knockback but wasn't technically sprinting. VL 145.
15.07.09 12:42:00 [INFOS] M777_Sur_Youtube failed Knockback: tried to do a knockback but wasn't technically sprinting. VL 200.
15.07.09 12:42:27 [INFOS] M777_Sur_Youtube failed Knockback: tried to do a knockback but wasn't technically sprinting. VL 302.
15.07.09 12:43:00 [INFOS] M777_Sur_Youtube failed Commands: issued too many commands. VL 1.
15.07.09 15:49:54 [INFOS] Firedri7 failed Speed: tried to attack with too high a frequency. VL 2.
15.07.09 15:52:29 [INFOS] Firedri7 failed Knockback: tried to do a knockback but wasn't technically sprinting. VL 90.
15.07.09 15:59:18 [INFOS] Firedri7 failed Knockback: tried to do a knockback but wasn't technically sprinting. VL 120.
15.07.09 16:46:40 [INFOS] firegameur31 failed NoFall: tried to avoid fall damage. VL 1.
15.07.09 17:42:52 [INFOS] sigmatek11 failed Passable: moved into a block (5). VL 11.
15.07.09 17:43:03 [INFOS] sigmatek11 failed Passable: moved into a block (2). VL 13.
15.07.09 17:44:04 [INFOS] sigmatek11 failed Passable: moved into a block (89). VL 11.
15.07.09 17:46:42 [INFOS] sigmatek11 failed NoFall: tried to avoid fall damage. VL 1.
15.07.09 17:47:12 [INFOS] sigmatek11 failed NoFall: tried to avoid fall damage. VL 2.
15.07.09 17:49:31 [INFOS] neil007 failed NoFall: tried to avoid fall damage. VL 1.
15.07.09 17:49:35 [INFOS] iKayZoX failed NoFall: tried to avoid fall damage. VL 1.
15.07.09 17:49:47 [INFOS] OGdrawFr failed NoFall: tried to avoid fall damage. VL 1.
15.07.09 18:04:32 [INFOS] MajorGamer failed NoFall: tried to avoid fall damage. VL 1.
15.07.09 18:43:47 [INFOS] jeremy_974 failed Commands: issued too many commands. VL 1.
15.07.09 21:44:36 [INFOS] KingKillerII failed NoFall: tried to avoid fall damage. VL 1.
15.07.10 06:13:31 [INFOS] Eclaire failed NoFall: tried to avoid fall damage. VL 1.
15.07.10 09:23:33 [INFOS] ByZifox failed Knockback: tried to do a knockback but wasn't technically sprinting. VL 50.
15.07.10 11:10:28 [INFOS] ByZifox failed Commands: issued too many commands. VL 1.
15.07.10 13:38:01 [INFOS] Wissam13013 failed Commands: issued too many commands. VL 1.
15.07.10 13:41:20 [INFOS] arnaud2001 failed Commands: issued too many commands. VL 1.
15.07.10 15:33:28 [INFOS] monstermarc31 failed Commands: issued too many commands. VL 1.
15.07.10 19:22:19 [INFOS] ByZifox failed Knockback: tried to do a knockback but wasn't technically sprinting. VL 96.
15.07.10 19:31:22 [INFOS] ByZifox failed Commands: issued too many commands. VL 2.
15.07.11 02:11:16 [INFOS] celestrone failed MorePackets: sent too many moves (49 epsacc). VL 49.
15.07.11 02:11:19 [INFOS] celestrone failed MorePackets: sent too many moves (10 epsacc). VL 10.
15.07.11 02:12:27 [INFOS] toto9400 failed Reach: exceeds block-interact distance (28). VL 28.
15.07.11 02:13:37 [INFOS] toto9400 failed FastBreak: tried to break blocks (5) faster than possible. VL 3.
15.07.11 02:13:46 [INFOS] toto9400 failed FastBreak: tried to break blocks (5) faster than possible. VL 2.
15.07.11 02:14:15 [INFOS] toto9400 failed FastBreak: tried to break blocks (5) faster than possible. VL 0.
15.07.11 02:16:22 [INFOS] celestrone failed Commands: issued too many commands. VL 1.
15.07.11 02:17:37 [INFOS] celestrone failed Commands: issued too many commands. VL 2.
15.07.15 13:24:21 [INFOS] CrazyFurkan failed Commands: issued too many commands. VL 1.
15.07.15 14:05:46 [INFOS] ZIBIDOU failed Commands: issued too many commands. VL 1.
15.07.15 14:05:57 [INFOS] clem227 failed Commands: issued too many commands. VL 1.
15.07.15 14:15:58 [INFOS] Juze failed Commands: issued too many commands. VL 1.
15.07.16 10:30:21 [INFOS] nestle failed Commands: issued too many commands. VL 1.
15.07.16 14:32:30 [INFOS] XeGa_GaMeR failed Commands: issued too many commands. VL 1.
